TN:
SF:url.min.js
FN:1,(anonymous_0)
FN:1,E
FN:1,h
FN:1,u
FN:1,F
FN:1,(anonymous_5)
FN:1,(anonymous_6)
FN:1,(anonymous_7)
FN:1,U
FN:1,L
FN:1,(anonymous_10)
FN:1,(anonymous_11)
FN:1,(anonymous_12)
FN:1,(anonymous_13)
FN:1,(anonymous_14)
FN:1,(anonymous_15)
FN:1,(anonymous_16)
FNF:17
FNH:15
FNDA:1,(anonymous_0)
FNDA:3,E
FNDA:25,h
FNDA:475,u
FNDA:791,F
FNDA:0,(anonymous_5)
FNDA:0,(anonymous_6)
FNDA:8,(anonymous_7)
FNDA:25,U
FNDA:25,L
FNDA:45,(anonymous_10)
FNDA:2,(anonymous_11)
FNDA:6,(anonymous_12)
FNDA:2,(anonymous_13)
FNDA:50,(anonymous_14)
FNDA:25,(anonymous_15)
FNDA:25,(anonymous_16)
DA:1,791
LF:1
LH:1
BRDA:1,0,0,1
BRDA:1,0,1,1
BRDA:1,0,2,1
BRDA:1,1,0,1
BRDA:1,1,1,0
BRDA:1,1,2,0
BRDA:1,1,3,0
BRDA:1,2,0,1
BRDA:1,2,1,0
BRDA:1,3,0,3
BRDA:1,3,1,0
BRDA:1,4,0,3
BRDA:1,4,1,1
BRDA:1,5,0,1
BRDA:1,5,1,0
BRDA:1,6,0,0
BRDA:1,6,1,0
BRDA:1,7,0,25
BRDA:1,7,1,2
BRDA:1,8,0,25
BRDA:1,8,1,0
BRDA:1,9,0,25
BRDA:1,9,1,25
BRDA:1,9,2,22
BRDA:1,10,0,22
BRDA:1,10,1,1
BRDA:1,11,0,22
BRDA:1,11,1,1
BRDA:1,12,0,25
BRDA:1,12,1,24
BRDA:1,13,0,120
BRDA:1,13,1,30
BRDA:1,14,0,120
BRDA:1,14,1,36
BRDA:1,15,0,1
BRDA:1,15,1,24
BRDA:1,16,0,25
BRDA:1,16,1,24
BRDA:1,17,0,25
BRDA:1,17,1,24
BRDA:1,18,0,24
BRDA:1,18,1,1
BRDA:1,19,0,25
BRDA:1,19,1,25
BRDA:1,20,0,25
BRDA:1,20,1,3
BRDA:1,20,2,0
BRDA:1,21,0,25
BRDA:1,21,1,3
BRDA:1,22,0,0
BRDA:1,22,1,1
BRDA:1,23,0,25
BRDA:1,23,1,0
BRDA:1,24,0,0
BRDA:1,24,1,0
BRDA:1,25,0,0
BRDA:1,25,1,0
BRDA:1,26,0,0
BRDA:1,26,1,0
BRDA:1,27,0,0
BRDA:1,27,1,0
BRDA:1,28,0,34
BRDA:1,28,1,10
BRDA:1,29,0,28
BRDA:1,29,1,6
BRDA:1,30,0,31
BRDA:1,30,1,3
BRDA:1,31,0,3
BRDA:1,31,1,2
BRDA:1,32,0,66
BRDA:1,32,1,51
BRDA:1,33,0,117
BRDA:1,33,1,72
BRDA:1,34,0,11
BRDA:1,34,1,55
BRDA:1,35,0,0
BRDA:1,35,1,11
BRDA:1,36,0,0
BRDA:1,36,1,0
BRDA:1,37,0,33
BRDA:1,37,1,29
BRDA:1,38,0,18
BRDA:1,38,1,11
BRDA:1,39,0,27
BRDA:1,39,1,2
BRDA:1,40,0,28
BRDA:1,40,1,27
BRDA:1,41,0,12
BRDA:1,41,1,43
BRDA:1,42,0,11
BRDA:1,42,1,9
BRDA:1,43,0,14
BRDA:1,43,1,8
BRDA:1,44,0,25
BRDA:1,44,1,25
BRDA:1,45,0,50
BRDA:1,45,1,25
BRDA:1,45,2,25
BRDA:1,46,0,25
BRDA:1,46,1,25
BRDA:1,47,0,2
BRDA:1,47,1,342
BRDA:1,48,0,344
BRDA:1,48,1,25
BRDA:1,49,0,50
BRDA:1,49,1,0
BRDA:1,50,0,25
BRDA:1,50,1,2
BRDA:1,51,0,25
BRDA:1,51,1,23
BRDA:1,52,0,25
BRDA:1,52,1,1
BRDA:1,53,0,1
BRDA:1,53,1,1
BRDA:1,54,0,25
BRDA:1,54,1,22
BRDA:1,55,0,25
BRDA:1,55,1,1
BRDA:1,56,0,25
BRDA:1,56,1,25
BRDA:1,57,0,25
BRDA:1,57,1,18
BRDA:1,58,0,25
BRDA:1,58,1,2
BRDA:1,59,0,1
BRDA:1,59,1,0
BRDA:1,60,0,1
BRDA:1,60,1,0
BRDA:1,61,0,1
BRDA:1,61,1,1
BRF:130
BRH:104
end_of_record
